<?xml version="1.0" encoding="UTF-8"?>
<!-- Generated by org.testng.reporters.JUnitReportReporter -->
<testsuite hostname="CIPL-DTSS-012" failures="0" tests="3" name="HRM.qa.Tests.LoginPageTest" time="15.815" errors="0" timestamp="2025-04-17T01:33:41 IST" skipped="0">
  <testcase classname="HRM.qa.Tests.LoginPageTest" name="ValidateTitleTest" time="4.811"/>
  <system-out/>
  <testcase classname="HRM.qa.Tests.LoginPageTest" name="ValidateLogoTest" time="5.115"/>
  <system-out/>
  <testcase classname="HRM.qa.Tests.LoginPageTest" name="LoginAction" time="5.889"/>
  <system-out/>
</testsuite> <!-- HRM.qa.Tests.LoginPageTest -->
